0 info it worked if it ends with ok
1 verbose cli [ '/Users/gregholguin/.nvm/versions/node/v7.2.0/bin/node',
1 verbose cli   '/Users/gregholguin/.nvm/versions/node/v7.2.0/bin/npm',
1 verbose cli   'run',
1 verbose cli   'test-unit' ]
2 info using npm@3.10.9
3 info using node@v7.2.0
4 verbose run-script [ 'pretest-unit', 'test-unit', 'posttest-unit' ]
5 info lifecycle electron-devtools-installer@2.0.1~pretest-unit: electron-devtools-installer@2.0.1
6 verbose lifecycle electron-devtools-installer@2.0.1~pretest-unit: unsafe-perm in lifecycle true
7 verbose lifecycle electron-devtools-installer@2.0.1~pretest-unit: PATH: /Users/gregholguin/.nvm/versions/node/v7.2.0/lib/node_modules/npm/bin/node-gyp-bin:/Users/gregholguin/Documents/Projects/Personal/electron-devtools-installer/node_modules/.bin:/Users/gregholguin/Documents/Projects/Personal/electron-devtools-installer/node_modules/.bin:/Users/gregholguin/.config/yarn/link/node_modules/.bin:/Users/gregholguin/Documents/Projects/Personal/electron-devtools-installer/node_modules/.bin:/Users/gregholguin/.config/yarn/link/node_modules/.bin:/usr/local/Cellar/yarn/0.17.10/libexec/lib/node_modules/yarn/bin/node-gyp-bin:/Users/gregholguin/.rvm/gems/ruby-2.1.0/bin:/Users/gregholguin/.rvm/gems/ruby-2.1.0@global/bin:/Users/gregholguin/.rvm/rubies/ruby-2.1.0/bin:/usr/local/sbin:/Users/gregholguin/.nvm/versions/node/v7.2.0/bin:/usr/local/bin:/usr/bin:/bin:/usr/sbin:/sbin:/usr/local/share/npm:/Users/gregholguin/.qfc/bin:/Users/gregholguin/.npm-packages/bin:/usr/local/share/npm/bin:/usr/local/bin:/usr/bin:/bin:/usr/sbin:/sbin:/opt/X11/bin:/Applications/Wireshark.app/Contents/MacOS:/Users/gregholguin/.rvm/bin:/Users/gregholguin/.yarn/bin:/usr/local/opt/go/libexec/bin:/Users/gregholguin/.rvm/bin
8 verbose lifecycle electron-devtools-installer@2.0.1~pretest-unit: CWD: /Users/gregholguin/Documents/Projects/Personal/electron-devtools-installer
9 silly lifecycle electron-devtools-installer@2.0.1~pretest-unit: Args: [ '-c', 'npm run compile' ]
10 silly lifecycle electron-devtools-installer@2.0.1~pretest-unit: Returned: code: 0  signal: null
11 info lifecycle electron-devtools-installer@2.0.1~test-unit: electron-devtools-installer@2.0.1
12 verbose lifecycle electron-devtools-installer@2.0.1~test-unit: unsafe-perm in lifecycle true
13 verbose lifecycle electron-devtools-installer@2.0.1~test-unit: PATH: /Users/gregholguin/.nvm/versions/node/v7.2.0/lib/node_modules/npm/bin/node-gyp-bin:/Users/gregholguin/Documents/Projects/Personal/electron-devtools-installer/node_modules/.bin:/Users/gregholguin/Documents/Projects/Personal/electron-devtools-installer/node_modules/.bin:/Users/gregholguin/.config/yarn/link/node_modules/.bin:/Users/gregholguin/Documents/Projects/Personal/electron-devtools-installer/node_modules/.bin:/Users/gregholguin/.config/yarn/link/node_modules/.bin:/usr/local/Cellar/yarn/0.17.10/libexec/lib/node_modules/yarn/bin/node-gyp-bin:/Users/gregholguin/.rvm/gems/ruby-2.1.0/bin:/Users/gregholguin/.rvm/gems/ruby-2.1.0@global/bin:/Users/gregholguin/.rvm/rubies/ruby-2.1.0/bin:/usr/local/sbin:/Users/gregholguin/.nvm/versions/node/v7.2.0/bin:/usr/local/bin:/usr/bin:/bin:/usr/sbin:/sbin:/usr/local/share/npm:/Users/gregholguin/.qfc/bin:/Users/gregholguin/.npm-packages/bin:/usr/local/share/npm/bin:/usr/local/bin:/usr/bin:/bin:/usr/sbin:/sbin:/opt/X11/bin:/Applications/Wireshark.app/Contents/MacOS:/Users/gregholguin/.rvm/bin:/Users/gregholguin/.yarn/bin:/usr/local/opt/go/libexec/bin:/Users/gregholguin/.rvm/bin
14 verbose lifecycle electron-devtools-installer@2.0.1~test-unit: CWD: /Users/gregholguin/Documents/Projects/Personal/electron-devtools-installer
15 silly lifecycle electron-devtools-installer@2.0.1~test-unit: Args: [ '-c',
15 silly lifecycle   'electron-mocha ./test --recursive --compilers js:babel-core/register --timeout 60000 -R spec-xunit-file' ]
16 silly lifecycle electron-devtools-installer@2.0.1~test-unit: Returned: code: 12  signal: null
17 info lifecycle electron-devtools-installer@2.0.1~test-unit: Failed to exec test-unit script
18 verbose stack Error: electron-devtools-installer@2.0.1 test-unit: `electron-mocha ./test --recursive --compilers js:babel-core/register --timeout 60000 -R spec-xunit-file`
18 verbose stack Exit status 12
18 verbose stack     at EventEmitter.<anonymous> (/Users/gregholguin/.nvm/versions/node/v7.2.0/lib/node_modules/npm/lib/utils/lifecycle.js:255:16)
18 verbose stack     at emitTwo (events.js:106:13)
18 verbose stack     at EventEmitter.emit (events.js:191:7)
18 verbose stack     at ChildProcess.<anonymous> (/Users/gregholguin/.nvm/versions/node/v7.2.0/lib/node_modules/npm/lib/utils/spawn.js:40:14)
18 verbose stack     at emitTwo (events.js:106:13)
18 verbose stack     at ChildProcess.emit (events.js:191:7)
18 verbose stack     at maybeClose (internal/child_process.js:885:16)
18 verbose stack     at Process.ChildProcess._handle.onexit (internal/child_process.js:226:5)
19 verbose pkgid electron-devtools-installer@2.0.1
20 verbose cwd /Users/gregholguin/Documents/Projects/Personal/electron-devtools-installer
21 error Darwin 16.1.0
22 error argv "/Users/gregholguin/.nvm/versions/node/v7.2.0/bin/node" "/Users/gregholguin/.nvm/versions/node/v7.2.0/bin/npm" "run" "test-unit"
23 error node v7.2.0
24 error npm  v3.10.9
25 error code ELIFECYCLE
26 error electron-devtools-installer@2.0.1 test-unit: `electron-mocha ./test --recursive --compilers js:babel-core/register --timeout 60000 -R spec-xunit-file`
26 error Exit status 12
27 error Failed at the electron-devtools-installer@2.0.1 test-unit script 'electron-mocha ./test --recursive --compilers js:babel-core/register --timeout 60000 -R spec-xunit-file'.
27 error Make sure you have the latest version of node.js and npm installed.
27 error If you do, this is most likely a problem with the electron-devtools-installer package,
27 error not with npm itself.
27 error Tell the author that this fails on your system:
27 error     electron-mocha ./test --recursive --compilers js:babel-core/register --timeout 60000 -R spec-xunit-file
27 error You can get information on how to open an issue for this project with:
27 error     npm bugs electron-devtools-installer
27 error Or if that isn't available, you can get their info via:
27 error     npm owner ls electron-devtools-installer
27 error There is likely additional logging output above.
28 verbose exit [ 1, true ]
